<?xml version="1.0" encoding="UTF-8"?>
<testsuite xmlns:xsi="http://www.w3.org/2001/XMLSchema-instance" xsi:noNamespaceSchemaLocation="https://maven.apache.org/surefire/maven-surefire-plugin/xsd/surefire-test-report.xsd" name="junit5app.models.CuentaTest" time="4.165" tests="68" errors="0" skipped="10" failures="2">
  <properties>
[...]
</properties>
  <testcase name="testCreditoCuenta{String}[1]" classname="junit5app.models.CuentaTest" time="0.02"/>
  <testcase name="testCreditoCuenta{String}[2]" classname="junit5app.models.CuentaTest" time="0.001"/>
  <testcase name="testCreditoCuenta{String}[3]" classname="junit5app.models.CuentaTest" time="0.001"/>
  <testcase name="testCreditoCuenta{String}[4]" classname="junit5app.models.CuentaTest" time="0.001"/>
  <testcase name="testCreditoCuenta{String}[5]" classname="junit5app.models.CuentaTest" time="0.001"/>
  <testcase name="testCreditoCuenta{String}[6]" classname="junit5app.models.CuentaTest" time="0"/>
  <testcase name="testDebitoCuentaCsvSource{String, String}[1]" classname="junit5app.models.CuentaTest" time="0.004"/>
  <testcase name="testDebitoCuentaCsvSource{String, String}[2]" classname="junit5app.models.CuentaTest" time="0"/>
  <testcase name="testDebitoCuentaCsvSource{String, String}[3]" classname="junit5app.models.CuentaTest" time="0"/>
  <testcase name="testDebitoCuentaCsvSource{String, String}[4]" classname="junit5app.models.CuentaTest" time="0"/>
  <testcase name="testDebitoCuentaCsvSource{String, String}[5]" classname="junit5app.models.CuentaTest" time="0.001"/>
  <testcase name="testDebitoCuentaCsvSource{String, String}[6]" classname="junit5app.models.CuentaTest" time="0.001"/>
  <testcase name="testDebitoCuentaCsvFileSource{String}[1]" classname="junit5app.models.CuentaTest" time="0"/>
  <testcase name="testDebitoCuentaCsvFileSource{String}[2]" classname="junit5app.models.CuentaTest" time="0.001"/>
  <testcase name="testDebitoCuentaCsvFileSource{String}[3]" classname="junit5app.models.CuentaTest" time="0.001"/>
  <testcase name="testDebitoCuentaCsvFileSource{String}[4]" classname="junit5app.models.CuentaTest" time="0.001"/>
  <testcase name="testDebitoCuentaCsvFileSource{String}[5]" classname="junit5app.models.CuentaTest" time="0"/>
  <testcase name="testDebitoCuentaCsvFileSource{String}[6]" classname="junit5app.models.CuentaTest" time="0"/>
  <testcase name="testDebitoCuentaCsvFileSource{String}[7]" classname="junit5app.models.CuentaTest" time="0.001"/>
  <testcase name="testDineroInsuficienteExceptionCuenta" classname="junit5app.models.CuentaTest" time="0.002"/>
  <testcase name="testSaldoCuentaDev" classname="junit5app.models.CuentaTest" time="0">
    <skipped message="Assumption failed: assumption is not true" type="org.opentest4j.TestAbortedException">org.opentest4j.TestAbortedException: Assumption failed: assumption is not true
	at junit5app.models.CuentaTest.testSaldoCuentaDev(CuentaTest.java:243)
</skipped>
    <system-out><![CDATA[Iniciando el metodo
Finalizando el metodo de prueba
]]></system-out>
  </testcase>
  <testcase name="testTransferirDineroCuentas" classname="junit5app.models.CuentaTest" time="0"/>
  <testcase name="testSaldoCuenta" classname="junit5app.models.CuentaTest" time="0.001"/>
  <testcase name="testPruebaTimeOut" classname="junit5app.models.CuentaTest" time="4.008"/>
  <testcase name="testDebitoCuentaCsvFileSource2{String, String, String, String}[1]" classname="junit5app.models.CuentaTest" time="0.001">
    <failure message="expected: &lt;John&gt; but was: &lt;Andres&gt;" type="org.opentest4j.AssertionFailedError"><![CDATA[org.opentest4j.AssertionFailedError: expected: <John> but was: <Andres>
	at junit5app.models.CuentaTest.testDebitoCuentaCsvFileSource2(CuentaTest.java:289)
]]></failure>
    <system-out><![CDATA[Iniciando el metodo
Finalizando el metodo de prueba
]]></system-out>
  </testcase>
  <testcase name="testDebitoCuentaCsvFileSource2{String, String, String, String}[2]" classname="junit5app.models.CuentaTest" time="0"/>
  <testcase name="testDebitoCuentaCsvFileSource2{String, String, String, String}[3]" classname="junit5app.models.CuentaTest" time="0.001">
    <failure message="expected: &lt;maria&gt; but was: &lt;Maria&gt;" type="org.opentest4j.AssertionFailedError"><![CDATA[org.opentest4j.AssertionFailedError: expected: <maria> but was: <Maria>
	at junit5app.models.CuentaTest.testDebitoCuentaCsvFileSource2(CuentaTest.java:289)
]]></failure>
    <system-out><![CDATA[Iniciando el metodo
Finalizando el metodo de prueba
]]></system-out>
  </testcase>
  <testcase name="testDebitoCuentaCsvFileSource2{String, String, String, String}[4]" classname="junit5app.models.CuentaTest" time="0"/>
  <testcase name="testDebitoCuentaCsvFileSource2{String, String, String, String}[5]" classname="junit5app.models.CuentaTest" time="0"/>
  <testcase name="testDebitoCuentaCsvFileSource2{String, String, String, String}[6]" classname="junit5app.models.CuentaTest" time="0.001"/>
  <testcase name="testSaldoCuentaDev2" classname="junit5app.models.CuentaTest" time="0"/>
  <testcase name="testRelacionBancoCuentas" classname="junit5app.models.CuentaTest" time="0.001"/>
  <testcase name="testReferenciaCuenta" classname="junit5app.models.CuentaTest" time="0"/>
  <testcase name="testDebitoCuentaMethodSource{String}[1]" classname="junit5app.models.CuentaTest" time="0.001"/>
  <testcase name="testDebitoCuentaMethodSource{String}[2]" classname="junit5app.models.CuentaTest" time="0"/>
  <testcase name="testDebitoCuentaMethodSource{String}[3]" classname="junit5app.models.CuentaTest" time="0.001"/>
  <testcase name="testDebitoCuentaMethodSource{String}[4]" classname="junit5app.models.CuentaTest" time="0"/>
  <testcase name="testDebitoCuentaMethodSource{String}[5]" classname="junit5app.models.CuentaTest" time="0"/>
  <testcase name="testDebitoCuentaMethodSource{String}[6]" classname="junit5app.models.CuentaTest" time="0.001"/>
  <testcase name="testDebitoCuentaRepetir{RepetitionInfo}[1]" classname="junit5app.models.CuentaTest" time="0.001"/>
  <testcase name="testDebitoCuentaRepetir{RepetitionInfo}[2]" classname="junit5app.models.CuentaTest" time="0"/>
  <testcase name="testDebitoCuentaRepetir{RepetitionInfo}[3]" classname="junit5app.models.CuentaTest" time="0.001"/>
  <testcase name="testDebitoCuentaRepetir{RepetitionInfo}[4]" classname="junit5app.models.CuentaTest" time="0"/>
  <testcase name="testDebitoCuentaRepetir{RepetitionInfo}[5]" classname="junit5app.models.CuentaTest" time="0.001"/>
  <testcase name="testDebitoConID{TestInfo, TestReporter}" classname="junit5app.models.CuentaTest" time="0.001"/>
  <testcase name="testNombreCuenta" classname="junit5app.models.CuentaTest" time="0"/>
  <testcase name="testProcesadores" classname="junit5app.models.CuentaTest$VariablesDeAmbienteTest" time="0">
    <skipped message="Environment variable [NUMBER_OF_PROCESSORS] with value [12] does not match regular expression [8]"/>
  </testcase>
  <testcase name="testEnv" classname="junit5app.models.CuentaTest$VariablesDeAmbienteTest" time="0">
    <skipped message="Environment variable [ENVIROMENT] does not exist"/>
  </testcase>
  <testcase name="testJavaHome" classname="junit5app.models.CuentaTest$VariablesDeAmbienteTest" time="0">
    <skipped message="Environment variable [JAVA_HOME] does not exist"/>
  </testcase>
  <testcase name="imprimirVariablesAmbiente[1]" classname="junit5app.models.CuentaTest$VariablesDeAmbienteTest" time="0.003"/>
  <testcase name="imprimirVariablesAmbiente[2]" classname="junit5app.models.CuentaTest$VariablesDeAmbienteTest" time="0.004"/>
  <testcase name="imprimirVariablesAmbiente[3]" classname="junit5app.models.CuentaTest$VariablesDeAmbienteTest" time="0.002"/>
  <testcase name="imprimirVariablesAmbiente[4]" classname="junit5app.models.CuentaTest$VariablesDeAmbienteTest" time="0.003"/>
  <testcase name="imprimirVariablesAmbiente[5]" classname="junit5app.models.CuentaTest$VariablesDeAmbienteTest" time="0.003"/>
  <testcase name="testCustomENV" classname="junit5app.models.CuentaTest$SystemPropertiesTest" time="0">
    <skipped message="System property [ENV] does not exist"/>
  </testcase>
  <testcase name="testNO64" classname="junit5app.models.CuentaTest$SystemPropertiesTest" time="0">
    <skipped message="System property [os.arch] with value [amd64] matches regular expression [.*64.*]"/>
  </testcase>
  <testcase name="testJavaVersion" classname="junit5app.models.CuentaTest$SystemPropertiesTest" time="0"/>
  <testcase name="testImprimirSystemProperties[1]" classname="junit5app.models.CuentaTest$SystemPropertiesTest" time="0.005"/>
  <testcase name="testImprimirSystemProperties[2]" classname="junit5app.models.CuentaTest$SystemPropertiesTest" time="0.004"/>
  <testcase name="testImprimirSystemProperties[3]" classname="junit5app.models.CuentaTest$SystemPropertiesTest" time="0.005"/>
  <testcase name="testSoloJdk8" classname="junit5app.models.CuentaTest$JavaVersionTest" time="0">
    <skipped message="Disabled on JRE version: 16.0.1"/>
  </testcase>
  <testcase name="testSoloJdk16" classname="junit5app.models.CuentaTest$JavaVersionTest" time="0"/>
  <testcase name="testNoJdk16" classname="junit5app.models.CuentaTest$JavaVersionTest" time="0">
    <skipped message="Disabled on JRE version: 16.0.1"/>
  </testcase>
  <testcase name="testNoWindows" classname="junit5app.models.CuentaTest$SistemaOperativosTests" time="0">
    <skipped message="Disabled on operating system: Windows 10"/>
  </testcase>
  <testcase name="testSoloLinuxMac" classname="junit5app.models.CuentaTest$SistemaOperativosTests" time="0">
    <skipped message="Disabled on operating system: Windows 10"/>
  </testcase>
  <testcase name="testSoloWindows[1]" classname="junit5app.models.CuentaTest$SistemaOperativosTests" time="0"/>
  <testcase name="testSoloWindows[2]" classname="junit5app.models.CuentaTest$SistemaOperativosTests" time="0"/>
  <testcase name="testSoloWindows[3]" classname="junit5app.models.CuentaTest$SistemaOperativosTests" time="0"/>
</testsuite>